c:\users\dom\source\repos\leagueexternal\leagueexternal\x64\release\vc143.pdb
c:\users\dom\source\repos\leagueexternal\leagueexternal\x64\release\settings.obj
c:\users\dom\source\repos\leagueexternal\leagueexternal\x64\release\menu.obj
c:\users\dom\source\repos\leagueexternal\leagueexternal\x64\release\game.obj
c:\users\dom\source\repos\leagueexternal\leagueexternal\x64\release\main.obj
c:\users\dom\source\repos\leagueexternal\leagueexternal\x64\release\imgui_widgets.obj
c:\users\dom\source\repos\leagueexternal\leagueexternal\x64\release\imgui_tables.obj
c:\users\dom\source\repos\leagueexternal\leagueexternal\x64\release\imgui_impl_dx11.obj
c:\users\dom\source\repos\leagueexternal\leagueexternal\x64\release\imgui_draw.obj
c:\users\dom\source\repos\leagueexternal\leagueexternal\x64\release\imgui_demo.obj
c:\users\dom\source\repos\leagueexternal\leagueexternal\x64\release\imgui_impl_win32.obj
c:\users\dom\source\repos\leagueexternal\leagueexternal\x64\release\imgui.obj
c:\users\dom\source\repos\leagueexternal\leagueexternal\x64\release\leagueexternal.ipdb
c:\users\dom\source\repos\leagueexternal\leagueexternal\x64\release\leagueexternal.iobj
c:\users\dom\source\repos\leagueexternal\x64\release\leagueexternal.pdb
c:\users\dom\source\repos\leagueexternal\leagueexternal\x64\release\leagueexternal.tlog\cl.command.1.tlog
c:\users\dom\source\repos\leagueexternal\leagueexternal\x64\release\leagueexternal.tlog\cl.items.tlog
c:\users\dom\source\repos\leagueexternal\leagueexternal\x64\release\leagueexternal.tlog\cl.read.1.tlog
c:\users\dom\source\repos\leagueexternal\leagueexternal\x64\release\leagueexternal.tlog\cl.write.1.tlog
c:\users\dom\source\repos\leagueexternal\leagueexternal\x64\release\leagueexternal.tlog\link.command.1.tlog
c:\users\dom\source\repos\leagueexternal\leagueexternal\x64\release\leagueexternal.tlog\link.read.1.tlog
c:\users\dom\source\repos\leagueexternal\leagueexternal\x64\release\leagueexternal.tlog\link.secondary.1.tlog
c:\users\dom\source\repos\leagueexternal\leagueexternal\x64\release\leagueexternal.tlog\link.write.1.tlog
